-------------------------------------------------------------------------------
Test set: iitism.ugproject.mr_dna_seq_analysis.AlgorithmsTest
-------------------------------------------------------------------------------
Tests run: 5, Failures: 0, Errors: 4, Skipped: 0, Time elapsed: 0.315 s <<< FAILURE! - in iitism.ugproject.mr_dna_seq_analysis.AlgorithmsTest
singleMismatchAllowed  Time elapsed: 0.06 s  <<< ERROR!
java.util.concurrent.RejectedExecutionException: Task java.util.concurrent.CompletableFuture$AsyncSupply@291ae rejected from java.util.concurrent.ThreadPoolExecutor@1622f1b[Terminated, pool size = 0, active threads = 0, queued tasks = 0, completed tasks = 1]
	at iitism.ugproject.mr_dna_seq_analysis.AlgorithmsTest.checkApprox(AlgorithmsTest.java:54)
	at iitism.ugproject.mr_dna_seq_analysis.AlgorithmsTest.singleMismatchAllowed(AlgorithmsTest.java:119)

repetitiveDNASequenceAndPattern  Time elapsed: 0.003 s  <<< ERROR!
java.util.concurrent.RejectedExecutionException: Task java.util.concurrent.CompletableFuture$AsyncSupply@42e99e4a rejected from java.util.concurrent.ThreadPoolExecutor@1622f1b[Terminated, pool size = 0, active threads = 0, queued tasks = 0, completed tasks = 1]
	at iitism.ugproject.mr_dna_seq_analysis.AlgorithmsTest.checkApprox(AlgorithmsTest.java:54)
	at iitism.ugproject.mr_dna_seq_analysis.AlgorithmsTest.repetitiveDNASequenceAndPattern(AlgorithmsTest.java:129)

randomDNASequenceAndPatterns  Time elapsed: 0.044 s  <<< ERROR!
java.util.concurrent.RejectedExecutionException: Task java.util.concurrent.CompletableFuture$AsyncSupply@14dd9eb7 rejected from java.util.concurrent.ThreadPoolExecutor@1622f1b[Terminated, pool size = 0, active threads = 0, queued tasks = 0, completed tasks = 1]
	at iitism.ugproject.mr_dna_seq_analysis.AlgorithmsTest.checkApprox(AlgorithmsTest.java:54)
	at iitism.ugproject.mr_dna_seq_analysis.AlgorithmsTest.randomDNASequenceAndPatterns(AlgorithmsTest.java:148)

insertionDeletionCases  Time elapsed: 0.035 s  <<< ERROR!
java.util.concurrent.RejectedExecutionException: Task java.util.concurrent.CompletableFuture$AsyncSupply@52e6fdee rejected from java.util.concurrent.ThreadPoolExecutor@1622f1b[Terminated, pool size = 0, active threads = 0, queued tasks = 0, completed tasks = 1]
	at iitism.ugproject.mr_dna_seq_analysis.AlgorithmsTest.checkApprox(AlgorithmsTest.java:54)
	at iitism.ugproject.mr_dna_seq_analysis.AlgorithmsTest.insertionDeletionCases(AlgorithmsTest.java:124)

